Connecting to database specified by database.yml
Connecting to database specified by database.yml
Connecting to database specified by database.yml
  [1m[36m (0.1ms)[0m  [1mselect sqlite_version(*)[0m
  [1m[35m (1.3ms)[0m  CREATE TABLE "schema_migrations" ("version" varchar(255) NOT NULL) 
  [1m[36m (0.0ms)[0m  [1mPRAGMA index_list("schema_migrations")[0m
  [1m[35m (1.3ms)[0m  CREATE UNIQUE INDEX "unique_schema_migrations" ON "schema_migrations" ("version")
  [1m[36m (0.1ms)[0m  [1mSELECT "schema_migrations"."version" FROM "schema_migrations" [0m
Migrating to CreatePages (20121011193052)
  [1m[35m (0.0ms)[0m  begin transaction
  [1m[36m (0.3ms)[0m  [1mCREATE TABLE "pages" ("id" INTEGER PRIMARY KEY AUTOINCREMENT NOT NULL, "created_at" datetime NOT NULL, "updated_at" datetime NOT NULL) [0m
  [1m[35m (0.1ms)[0m  INSERT INTO "schema_migrations" ("version") VALUES ('20121011193052')
  [1m[36m (1.2ms)[0m  [1mcommit transaction[0m
Migrating to CreatePosts (20121011193130)
  [1m[35m (0.0ms)[0m  begin transaction
  [1m[36m (0.4ms)[0m  [1mCREATE TABLE "posts" ("id" INTEGER PRIMARY KEY AUTOINCREMENT NOT NULL, "name" varchar(255), "title" varchar(255), "content" text, "created_at" datetime NOT NULL, "updated_at" datetime NOT NULL) [0m
  [1m[35m (0.1ms)[0m  INSERT INTO "schema_migrations" ("version") VALUES ('20121011193130')
  [1m[36m (1.2ms)[0m  [1mcommit transaction[0m
  [1m[35m (0.2ms)[0m  select sqlite_version(*)
  [1m[36m (0.1ms)[0m  [1mSELECT "schema_migrations"."version" FROM "schema_migrations" [0m
  [1m[35m (0.0ms)[0m  PRAGMA index_list("pages")
  [1m[36m (0.0ms)[0m  [1mPRAGMA index_list("posts")[0m


Started GET "/posts" for 127.0.0.1 at 2012-10-11 13:32:27 -0600
Connecting to database specified by database.yml
Processing by PostsController#index as HTML
  [1m[36mPost Load (0.1ms)[0m  [1mSELECT "posts".* FROM "posts" [0m
  Rendered posts/index.html.erb within layouts/application (2.8ms)
Compiled pages.css  (5ms)  (pid 49773)
Compiled posts.css  (0ms)  (pid 49773)
Compiled scaffolds.css  (28ms)  (pid 49773)
Compiled application.css  (54ms)  (pid 49773)
Compiled jquery.js  (21ms)  (pid 49773)
Compiled jquery_ujs.js  (0ms)  (pid 49773)
Compiled pages.js  (116ms)  (pid 49773)
Compiled posts.js  (55ms)  (pid 49773)
Compiled application.js  (248ms)  (pid 49773)
Completed 200 OK in 461ms (Views: 409.6ms | ActiveRecord: 1.7ms)


Started GET "/assets/application.css?body=1" for 127.0.0.1 at 2012-10-11 13:32:28 -0600
Served asset /application.css - 200 OK (4ms)


Started GET "/assets/pages.css?body=1" for 127.0.0.1 at 2012-10-11 13:32:28 -0600
Served asset /pages.css - 200 OK (1ms)


Started GET "/assets/scaffolds.css?body=1" for 127.0.0.1 at 2012-10-11 13:32:28 -0600
Served asset /scaffolds.css - 200 OK (3ms)


Started GET "/assets/posts.css?body=1" for 127.0.0.1 at 2012-10-11 13:32:28 -0600
Served asset /posts.css - 200 OK (2ms)


Started GET "/assets/jquery.js?body=1" for 127.0.0.1 at 2012-10-11 13:32:28 -0600
Served asset /jquery.js - 200 OK (2ms)


Started GET "/assets/jquery_ujs.js?body=1" for 127.0.0.1 at 2012-10-11 13:32:28 -0600
Served asset /jquery_ujs.js - 200 OK (6ms)


Started GET "/assets/pages.js?body=1" for 127.0.0.1 at 2012-10-11 13:32:28 -0600
Served asset /pages.js - 200 OK (1ms)


Started GET "/assets/application.js?body=1" for 127.0.0.1 at 2012-10-11 13:32:28 -0600
Served asset /application.js - 200 OK (5ms)


Started GET "/assets/posts.js?body=1" for 127.0.0.1 at 2012-10-11 13:32:28 -0600
Served asset /posts.js - 200 OK (1ms)


Started GET "/posts/new" for 127.0.0.1 at 2012-10-11 13:32:31 -0600
Processing by PostsController#new as HTML
  Rendered posts/_form.html.erb (59.9ms)
  Rendered posts/new.html.erb within layouts/application (81.6ms)
Completed 200 OK in 92ms (Views: 87.2ms | ActiveRecord: 0.0ms)


Started POST "/posts" for 127.0.0.1 at 2012-10-11 13:32:34 -0600
Processing by PostsController#create as HTML
  Parameters: {"utf8"=>"✓", "authenticity_token"=>"X9xkYlq3s59cZazV8p+g6Ri4Fn4oyQsotJB1vznnN64=", "post"=>{"name"=>"test", "title"=>"test", "content"=>"test"}, "commit"=>"Create Post"}
  [1m[35m (0.1ms)[0m  begin transaction
  [1m[36mSQL (28.2ms)[0m  [1mINSERT INTO "posts" ("content", "created_at", "name", "title", "updated_at") VALUES (?, ?, ?, ?, ?)[0m  [["content", "test"], ["created_at", Thu, 11 Oct 2012 19:32:34 UTC +00:00], ["name", "test"], ["title", "test"], ["updated_at", Thu, 11 Oct 2012 19:32:34 UTC +00:00]]
  [1m[35m (2.6ms)[0m  commit transaction
Redirected to http://localhost:3000/posts/1
Completed 302 Found in 34ms (ActiveRecord: 30.8ms)


Started GET "/posts/1" for 127.0.0.1 at 2012-10-11 13:32:34 -0600
Processing by PostsController#show as HTML
  Parameters: {"id"=>"1"}
  [1m[36mPost Load (0.2ms)[0m  [1mSELECT "posts".* FROM "posts" WHERE "posts"."id" = ? LIMIT 1[0m  [["id", "1"]]
  Rendered posts/show.html.erb within layouts/application (0.9ms)
Completed 200 OK in 7ms (Views: 5.2ms | ActiveRecord: 0.2ms)


Started GET "/assets/posts.css?body=1" for 127.0.0.1 at 2012-10-11 13:32:34 -0600
Served asset /posts.css - 304 Not Modified (0ms)


Started GET "/assets/posts.js?body=1" for 127.0.0.1 at 2012-10-11 13:32:34 -0600
Served asset /posts.js - 304 Not Modified (0ms)


Started GET "/posts" for 127.0.0.1 at 2012-10-11 13:32:35 -0600
Processing by PostsController#index as HTML
  [1m[35mPost Load (0.2ms)[0m  SELECT "posts".* FROM "posts" 
  Rendered posts/index.html.erb within layouts/application (1.0ms)
Completed 200 OK in 6ms (Views: 5.5ms | ActiveRecord: 0.2ms)


Started GET "/assets/posts.css?body=1" for 127.0.0.1 at 2012-10-11 13:32:35 -0600
Served asset /posts.css - 304 Not Modified (0ms)


Started GET "/assets/posts.js?body=1" for 127.0.0.1 at 2012-10-11 13:32:35 -0600
Served asset /posts.js - 304 Not Modified (0ms)
